<?xml version="1.0" encoding="UTF-8"?>
<testng-results ignored="0" total="2" passed="2" failed="0" skipped="0">
  <reporter-output>
  </reporter-output>
  <suite started-at="2023-07-25T23:16:58 IST" name="Default suite" finished-at="2023-07-25T23:17:02 IST" duration-ms="3616">
    <groups>
    </groups>
    <test started-at="2023-07-25T23:16:58 IST" name="Default test" finished-at="2023-07-25T23:17:02 IST" duration-ms="3616">
      <class name="RestAssured.CRUDoperations.AppTest">
        <test-method signature="testGetUsers()[pri:1, instance:RestAssured.CRUDoperations.AppTest@3a44431a]" started-at="2023-07-25T23:16:59 IST" name="testGetUsers" finished-at="2023-07-25T23:17:01 IST" duration-ms="2804" status="PASS">
          <reporter-output>
          </reporter-output>
        </test-method> <!-- testGetUsers -->
        <test-method signature="testCreateUser()[pri:2, instance:RestAssured.CRUDoperations.AppTest@3a44431a]" started-at="2023-07-25T23:17:01 IST" name="testCreateUser" finished-at="2023-07-25T23:17:02 IST" duration-ms="674" status="PASS">
          <reporter-output>
          </reporter-output>
        </test-method> <!-- testCreateUser -->
      </class> <!-- RestAssured.CRUDoperations.AppTest -->
    </test> <!-- Default test -->
  </suite> <!-- Default suite -->
</testng-results>
